{"DEBUG": {"1686908945": {"JiraSunc": {"Mittings": {"SEATCH CUSTOM PROJECT RULE": {"summary": "\u041a\u0421\u0423\u041d\u0421\u04182.0 \u041e\u0431\u0449\u0438\u0439 \u0441\u0442\u0430\u0442\u0443\u0441"}}}}}}
{"DEBUG": {"1686908945": {"JiraSunc": {"Mittings": {"For project": {"meeting_summary": "*", "meeting_task_id": "d8e5249f-9421-402c-975e-cfb976c39a45", "project": "UNIDATA"}}}}}}
{"DEBUG": {"1686908945": {"JiraSunc": {"Mittings": {"Check summary": {"Rule summary": "*", "calendar summary": "\u043a\u0441\u0443\u043d\u0441\u04382.0 \u043e\u0431\u0449\u0438\u0439 \u0441\u0442\u0430\u0442\u0443\u0441"}}}}}}
{"DEBUG": {"1686908947": {"JiraSunc": {"Mittings": {"SEATCH CUSTOM PROJECT RULE": {"summary": "\u0411\u0420\u0411 \u0421\u0442\u0430\u0442\u0443\u0441"}}}}}}
{"DEBUG": {"1686908947": {"JiraSunc": {"Mittings": {"For project": {"meeting_summary": "*", "meeting_task_id": "d8e5249f-9421-402c-975e-cfb976c39a45", "project": "UNIDATA"}}}}}}
{"DEBUG": {"1686908947": {"JiraSunc": {"Mittings": {"Check summary": {"Rule summary": "*", "calendar summary": "\u0431\u0440\u0431 \u0441\u0442\u0430\u0442\u0443\u0441"}}}}}}
{"DEBUG": {"1686908948": {"JiraSunc": {"Mittings": {"SEATCH CUSTOM PROJECT RULE": {"summary": "\u0421\u0442\u0430\u0442\u0443\u0441 \u0438\u043d\u0436\u0435\u043d\u0435\u0440\u043e\u0432"}}}}}}
{"DEBUG": {"1686908948": {"JiraSunc": {"Mittings": {"For project": {"meeting_summary": "*", "meeting_task_id": "d8e5249f-9421-402c-975e-cfb976c39a45", "project": "UNIDATA"}}}}}}
{"DEBUG": {"1686908948": {"JiraSunc": {"Mittings": {"Check summary": {"Rule summary": "*", "calendar summary": "\u0441\u0442\u0430\u0442\u0443\u0441 \u0438\u043d\u0436\u0435\u043d\u0435\u0440\u043e\u0432"}}}}}}
{"DEBUG": {"1686908949": {"JiraSunc": {"Mittings": {"SEATCH CUSTOM PROJECT RULE": {"summary": "\u0421\u0442\u0430\u0442\u0443\u0441 \u0438\u043d\u0436\u0435\u043d\u0435\u0440\u043e\u0432"}}}}}}
{"DEBUG": {"1686908949": {"JiraSunc": {"Mittings": {"For project": {"meeting_summary": "*", "meeting_task_id": "d8e5249f-9421-402c-975e-cfb976c39a45", "project": "UNIDATA"}}}}}}
{"DEBUG": {"1686908949": {"JiraSunc": {"Mittings": {"Check summary": {"Rule summary": "*", "calendar summary": "\u0441\u0442\u0430\u0442\u0443\u0441 \u0438\u043d\u0436\u0435\u043d\u0435\u0440\u043e\u0432"}}}}}}
{"DEBUG": {"1686908950": {"JiraSunc": {"Mittings": {"SEATCH CUSTOM PROJECT RULE": {"summary": "\u0421\u0442\u0430\u0442\u0443\u0441 \u0421\u0430\u043c\u043e\u043b\u0435\u0442"}}}}}}
{"DEBUG": {"1686908950": {"JiraSunc": {"Mittings": {"For project": {"meeting_summary": "*", "meeting_task_id": "d8e5249f-9421-402c-975e-cfb976c39a45", "project": "UNIDATA"}}}}}}
{"DEBUG": {"1686908950": {"JiraSunc": {"Mittings": {"Check summary": {"Rule summary": "*", "calendar summary": "\u0441\u0442\u0430\u0442\u0443\u0441 \u0441\u0430\u043c\u043e\u043b\u0435\u0442"}}}}}}
{"DEBUG": {"1686908951": {"JiraSunc": {"Mittings": {"SEATCH CUSTOM PROJECT RULE": {"summary": "\u0423\u0442\u0438\u043b\u0438\u0442\u0430 \u0438\u043d\u0436\u0435\u043d\u0435\u0440\u0430"}}}}}}
{"DEBUG": {"1686908951": {"JiraSunc": {"Mittings": {"For project": {"meeting_summary": "*", "meeting_task_id": "d8e5249f-9421-402c-975e-cfb976c39a45", "project": "UNIDATA"}}}}}}
{"DEBUG": {"1686908951": {"JiraSunc": {"Mittings": {"Check summary": {"Rule summary": "*", "calendar summary": "\u0443\u0442\u0438\u043b\u0438\u0442\u0430 \u0438\u043d\u0436\u0435\u043d\u0435\u0440\u0430"}}}}}}
{"DEBUG": {"1686917493": {"JiraSunc": {"Mittings": {"SEATCH CUSTOM PROJECT RULE": {"summary": "\u041a\u0421\u0423\u041d\u0421\u04182.0 \u041e\u0431\u0449\u0438\u0439 \u0441\u0442\u0430\u0442\u0443\u0441"}}}}}}
{"DEBUG": {"1686917493": {"JiraSunc": {"Mittings": {"For project": {"meeting_summary": "*", "meeting_task_id": "d8e5249f-9421-402c-975e-cfb976c39a45", "project": "UNIDATA"}}}}}}
{"DEBUG": {"1686917493": {"JiraSunc": {"Mittings": {"Check summary": {"Rule summary": "*", "calendar summary": "\u043a\u0441\u0443\u043d\u0441\u04382.0 \u043e\u0431\u0449\u0438\u0439 \u0441\u0442\u0430\u0442\u0443\u0441"}}}}}}
{"DEBUG": {"1686917495": {"JiraSunc": {"Mittings": {"SEATCH CUSTOM PROJECT RULE": {"summary": "\u0411\u0420\u0411 \u0421\u0442\u0430\u0442\u0443\u0441"}}}}}}
{"DEBUG": {"1686917495": {"JiraSunc": {"Mittings": {"For project": {"meeting_summary": "*", "meeting_task_id": "d8e5249f-9421-402c-975e-cfb976c39a45", "project": "UNIDATA"}}}}}}
{"DEBUG": {"1686917495": {"JiraSunc": {"Mittings": {"Check summary": {"Rule summary": "*", "calendar summary": "\u0431\u0440\u0431 \u0441\u0442\u0430\u0442\u0443\u0441"}}}}}}
{"DEBUG": {"1686917496": {"JiraSunc": {"Mittings": {"SEATCH CUSTOM PROJECT RULE": {"summary": "\u0421\u0442\u0430\u0442\u0443\u0441 \u0438\u043d\u0436\u0435\u043d\u0435\u0440\u043e\u0432"}}}}}}
{"DEBUG": {"1686917496": {"JiraSunc": {"Mittings": {"For project": {"meeting_summary": "*", "meeting_task_id": "d8e5249f-9421-402c-975e-cfb976c39a45", "project": "UNIDATA"}}}}}}
{"DEBUG": {"1686917496": {"JiraSunc": {"Mittings": {"Check summary": {"Rule summary": "*", "calendar summary": "\u0441\u0442\u0430\u0442\u0443\u0441 \u0438\u043d\u0436\u0435\u043d\u0435\u0440\u043e\u0432"}}}}}}
{"DEBUG": {"1686917497": {"JiraSunc": {"Mittings": {"SEATCH CUSTOM PROJECT RULE": {"summary": "\u0423\u0442\u0438\u043b\u0438\u0442\u0430 \u0438\u043d\u0436\u0435\u043d\u0435\u0440\u0430"}}}}}}
{"DEBUG": {"1686917497": {"JiraSunc": {"Mittings": {"For project": {"meeting_summary": "*", "meeting_task_id": "d8e5249f-9421-402c-975e-cfb976c39a45", "project": "UNIDATA"}}}}}}
{"DEBUG": {"1686917497": {"JiraSunc": {"Mittings": {"Check summary": {"Rule summary": "*", "calendar summary": "\u0443\u0442\u0438\u043b\u0438\u0442\u0430 \u0438\u043d\u0436\u0435\u043d\u0435\u0440\u0430"}}}}}}
